
2023-11-25 03:08:00,288 - __main__ - INFO - ---model vgg start training---
2023-11-25 03:13:11,056 - __main__ - INFO - Epoch 1: loss=4.36534 ,acc=0.04335
2023-11-25 03:13:26,833 - __main__ - INFO - Valid loss=4.07090 ,acc=0.07228
2023-11-25 03:13:30,087 - __main__ - INFO - save model parameter at epoch 1
2023-11-25 03:19:41,503 - __main__ - INFO - ---model vgg start training---
2023-11-25 03:25:17,182 - __main__ - INFO - Epoch 1: loss=4.15908 ,acc=0.06902
2023-11-25 03:25:32,550 - __main__ - INFO - Valid loss=3.81266 ,acc=0.11111
2023-11-25 03:25:36,179 - __main__ - INFO - save model parameter at epoch 1
2023-11-25 09:14:48,093 - __main__ - INFO - ---model vgg start training---
2023-11-25 09:20:35,960 - __main__ - INFO - Epoch 1: loss=4.23710 ,acc=0.05952
2023-11-25 09:20:51,542 - __main__ - INFO - Valid loss=3.99849 ,acc=0.09000
2023-11-25 09:20:54,709 - __main__ - INFO - save model parameter at epoch 1
2023-11-25 09:26:33,530 - __main__ - INFO - Epoch 2: loss=3.97163 ,acc=0.09318
2023-11-25 09:26:50,877 - __main__ - INFO - Valid loss=3.80579 ,acc=0.11540
2023-11-25 09:26:54,239 - __main__ - INFO - save model parameter at epoch 2
2023-11-25 09:32:37,745 - __main__ - INFO - Epoch 3: loss=3.77918 ,acc=0.12449
2023-11-25 09:32:54,094 - __main__ - INFO - Valid loss=3.59724 ,acc=0.15200
2023-11-25 09:32:57,409 - __main__ - INFO - save model parameter at epoch 3
2023-11-25 09:38:37,492 - __main__ - INFO - Epoch 4: loss=3.61396 ,acc=0.15220
2023-11-25 09:38:53,892 - __main__ - INFO - Valid loss=3.41652 ,acc=0.18620
2023-11-25 09:38:57,221 - __main__ - INFO - save model parameter at epoch 4
2023-11-25 09:44:37,450 - __main__ - INFO - Epoch 5: loss=3.47168 ,acc=0.17819
2023-11-25 09:44:53,709 - __main__ - INFO - Valid loss=3.35386 ,acc=0.20540
2023-11-25 09:44:57,012 - __main__ - INFO - save model parameter at epoch 5
2023-11-25 09:50:37,177 - __main__ - INFO - Epoch 6: loss=3.30500 ,acc=0.20592
2023-11-25 09:50:53,623 - __main__ - INFO - Valid loss=3.11890 ,acc=0.23500
2023-11-25 09:50:56,917 - __main__ - INFO - save model parameter at epoch 6
2023-11-25 09:56:36,896 - __main__ - INFO - Epoch 7: loss=3.14116 ,acc=0.23587
2023-11-25 09:56:53,114 - __main__ - INFO - Valid loss=3.01039 ,acc=0.25640
2023-11-25 09:56:56,434 - __main__ - INFO - save model parameter at epoch 7
2023-11-25 10:02:36,583 - __main__ - INFO - Epoch 8: loss=3.01018 ,acc=0.26171
2023-11-25 10:02:53,054 - __main__ - INFO - Valid loss=2.87866 ,acc=0.28160
2023-11-25 10:02:56,336 - __main__ - INFO - save model parameter at epoch 8
2023-11-25 10:08:35,735 - __main__ - INFO - Epoch 9: loss=2.89046 ,acc=0.28535
2023-11-25 10:08:52,009 - __main__ - INFO - Valid loss=2.77781 ,acc=0.30300
2023-11-25 10:08:55,307 - __main__ - INFO - save model parameter at epoch 9
2023-11-25 10:14:35,051 - __main__ - INFO - Epoch 10: loss=2.78004 ,acc=0.30617
2023-11-25 10:14:51,261 - __main__ - INFO - Valid loss=2.73878 ,acc=0.31460
2023-11-25 10:14:54,586 - __main__ - INFO - save model parameter at epoch 10
2023-11-25 10:20:34,879 - __main__ - INFO - Epoch 11: loss=2.69351 ,acc=0.32325
2023-11-25 10:20:50,902 - __main__ - INFO - Valid loss=2.67105 ,acc=0.32280
2023-11-25 10:20:54,168 - __main__ - INFO - save model parameter at epoch 11
2023-11-25 10:26:33,234 - __main__ - INFO - Epoch 12: loss=2.60959 ,acc=0.34081
2023-11-25 10:26:49,244 - __main__ - INFO - Valid loss=2.55226 ,acc=0.34800
2023-11-25 10:26:52,533 - __main__ - INFO - save model parameter at epoch 12
2023-11-25 10:32:31,298 - __main__ - INFO - Epoch 13: loss=2.53728 ,acc=0.35567
2023-11-25 10:32:47,667 - __main__ - INFO - Valid loss=2.45301 ,acc=0.36400
2023-11-25 10:32:50,922 - __main__ - INFO - save model parameter at epoch 13
2023-11-25 10:38:28,664 - __main__ - INFO - Epoch 14: loss=2.48673 ,acc=0.36922
2023-11-25 10:38:45,036 - __main__ - INFO - Valid loss=2.41877 ,acc=0.37660
2023-11-25 10:38:48,399 - __main__ - INFO - save model parameter at epoch 14
2023-11-25 10:44:28,861 - __main__ - INFO - Epoch 15: loss=2.41562 ,acc=0.38320
2023-11-25 10:44:45,764 - __main__ - INFO - Valid loss=2.39915 ,acc=0.38020
2023-11-25 10:44:49,063 - __main__ - INFO - save model parameter at epoch 15
2023-11-25 10:50:31,249 - __main__ - INFO - Epoch 16: loss=2.35414 ,acc=0.39546
2023-11-25 10:50:47,941 - __main__ - INFO - Valid loss=2.37823 ,acc=0.39000
2023-11-25 10:50:51,226 - __main__ - INFO - save model parameter at epoch 16
2023-11-25 10:56:30,858 - __main__ - INFO - Epoch 17: loss=2.30546 ,acc=0.40639
2023-11-25 10:56:47,238 - __main__ - INFO - Valid loss=2.30717 ,acc=0.39460
2023-11-25 10:56:50,593 - __main__ - INFO - save model parameter at epoch 17
2023-11-25 11:02:31,667 - __main__ - INFO - Epoch 18: loss=2.25827 ,acc=0.41362
2023-11-25 11:02:48,046 - __main__ - INFO - Valid loss=3.95456 ,acc=0.39420
2023-11-25 11:08:26,155 - __main__ - INFO - Epoch 19: loss=2.22368 ,acc=0.42326
2023-11-25 11:08:42,383 - __main__ - INFO - Valid loss=2.92243 ,acc=0.41000
2023-11-25 11:08:45,703 - __main__ - INFO - save model parameter at epoch 19
2023-11-25 11:14:24,613 - __main__ - INFO - Epoch 20: loss=2.19731 ,acc=0.43043
2023-11-25 11:14:41,029 - __main__ - INFO - Valid loss=2.46344 ,acc=0.41920
2023-11-25 11:14:44,296 - __main__ - INFO - save model parameter at epoch 20
2023-11-25 11:20:23,416 - __main__ - INFO - Epoch 21: loss=2.13368 ,acc=0.44448
2023-11-25 11:20:39,681 - __main__ - INFO - Valid loss=2.24341 ,acc=0.42060
2023-11-25 11:20:43,007 - __main__ - INFO - save model parameter at epoch 21
2023-11-25 11:26:21,568 - __main__ - INFO - Epoch 22: loss=2.09406 ,acc=0.45341
2023-11-25 11:26:38,037 - __main__ - INFO - Valid loss=3.07991 ,acc=0.42400
2023-11-25 11:26:41,364 - __main__ - INFO - save model parameter at epoch 22
2023-11-25 11:32:21,763 - __main__ - INFO - Epoch 23: loss=2.12722 ,acc=0.45314
2023-11-25 11:32:38,127 - __main__ - INFO - Valid loss=2.18593 ,acc=0.43460
2023-11-25 11:32:41,425 - __main__ - INFO - save model parameter at epoch 23
2023-11-25 11:38:20,379 - __main__ - INFO - Epoch 24: loss=2.10252 ,acc=0.45512
2023-11-25 11:38:36,518 - __main__ - INFO - Valid loss=2.18868 ,acc=0.43300
2023-11-25 11:44:14,171 - __main__ - INFO - Epoch 25: loss=2.03299 ,acc=0.46632
2023-11-25 11:44:30,271 - __main__ - INFO - Valid loss=2.36823 ,acc=0.44460
2023-11-25 11:44:33,544 - __main__ - INFO - save model parameter at epoch 25
2023-11-25 11:50:12,941 - __main__ - INFO - Epoch 26: loss=2.02275 ,acc=0.47258
2023-11-25 11:50:29,466 - __main__ - INFO - Valid loss=2.10266 ,acc=0.45620
2023-11-25 11:50:32,935 - __main__ - INFO - save model parameter at epoch 26
2023-11-25 11:56:12,276 - __main__ - INFO - Epoch 27: loss=1.97653 ,acc=0.47911
2023-11-25 11:56:28,897 - __main__ - INFO - Valid loss=2.02053 ,acc=0.47180
2023-11-25 11:56:32,149 - __main__ - INFO - save model parameter at epoch 27
2023-11-25 12:02:10,029 - __main__ - INFO - Epoch 28: loss=1.99449 ,acc=0.48054
2023-11-25 12:02:26,122 - __main__ - INFO - Valid loss=2.27999 ,acc=0.45600
2023-11-25 12:08:03,542 - __main__ - INFO - Epoch 29: loss=1.94678 ,acc=0.49056
2023-11-25 12:08:19,751 - __main__ - INFO - Valid loss=3.46054 ,acc=0.44920
2023-11-25 12:13:56,700 - __main__ - INFO - Epoch 30: loss=1.91254 ,acc=0.49553
2023-11-25 12:14:13,335 - __main__ - INFO - Valid loss=2.01083 ,acc=0.46780
2023-11-25 12:19:51,435 - __main__ - INFO - Epoch 31: loss=1.88210 ,acc=0.50500
2023-11-25 12:20:07,684 - __main__ - INFO - Valid loss=1.96434 ,acc=0.48620
2023-11-25 12:20:10,991 - __main__ - INFO - save model parameter at epoch 31
2023-11-25 12:25:48,936 - __main__ - INFO - Epoch 32: loss=1.84683 ,acc=0.51024
2023-11-25 12:26:05,358 - __main__ - INFO - Valid loss=2.02913 ,acc=0.47720
2023-11-25 12:31:44,954 - __main__ - INFO - Epoch 33: loss=1.91763 ,acc=0.50807
2023-11-25 12:32:01,619 - __main__ - INFO - Valid loss=2.01502 ,acc=0.46600
2023-11-25 12:37:42,709 - __main__ - INFO - Epoch 34: loss=1.82133 ,acc=0.51735
2023-11-25 12:37:59,150 - __main__ - INFO - Valid loss=1.98877 ,acc=0.47400
2023-11-25 12:43:37,538 - __main__ - INFO - Epoch 35: loss=1.79557 ,acc=0.52568
2023-11-25 12:43:53,588 - __main__ - INFO - Valid loss=2.00218 ,acc=0.48540
2023-11-25 12:49:31,746 - __main__ - INFO - Epoch 36: loss=1.75716 ,acc=0.52971
2023-11-25 12:49:47,813 - __main__ - INFO - Valid loss=3.08477 ,acc=0.48780
2023-11-25 12:49:51,145 - __main__ - INFO - save model parameter at epoch 36
2023-11-25 12:55:30,295 - __main__ - INFO - Epoch 37: loss=1.72169 ,acc=0.53990
2023-11-25 12:55:46,843 - __main__ - INFO - Valid loss=2.65061 ,acc=0.49760
2023-11-25 12:55:50,203 - __main__ - INFO - save model parameter at epoch 37
2023-11-25 13:01:27,613 - __main__ - INFO - Epoch 38: loss=1.72766 ,acc=0.53970
2023-11-25 13:01:43,818 - __main__ - INFO - Valid loss=2.46212 ,acc=0.48780
2023-11-25 13:07:19,289 - __main__ - INFO - Epoch 39: loss=1.68623 ,acc=0.54941
2023-11-25 13:07:35,285 - __main__ - INFO - Valid loss=2.61768 ,acc=0.48940
2023-11-25 13:13:10,448 - __main__ - INFO - Epoch 40: loss=1.65484 ,acc=0.55552
2023-11-25 13:13:26,565 - __main__ - INFO - Valid loss=2.04966 ,acc=0.51120
2023-11-25 13:13:29,914 - __main__ - INFO - save model parameter at epoch 40
2023-11-25 13:19:06,345 - __main__ - INFO - Epoch 41: loss=1.64540 ,acc=0.55743
2023-11-25 13:19:22,628 - __main__ - INFO - Valid loss=3.54274 ,acc=0.49000
2023-11-25 13:24:58,467 - __main__ - INFO - Epoch 42: loss=1.63629 ,acc=0.55899
2023-11-25 13:25:14,738 - __main__ - INFO - Valid loss=2.74173 ,acc=0.49900
2023-11-25 13:30:50,603 - __main__ - INFO - Epoch 43: loss=1.62818 ,acc=0.56348
2023-11-25 13:31:07,025 - __main__ - INFO - Valid loss=2.30625 ,acc=0.50660
2023-11-25 13:36:42,638 - __main__ - INFO - Epoch 44: loss=1.59676 ,acc=0.57288
2023-11-25 13:36:58,514 - __main__ - INFO - Valid loss=2.30461 ,acc=0.51040
2023-11-25 13:42:34,237 - __main__ - INFO - Epoch 45: loss=1.58052 ,acc=0.57243
2023-11-25 13:42:50,269 - __main__ - INFO - Valid loss=2.60200 ,acc=0.51380
2023-11-25 13:42:53,503 - __main__ - INFO - save model parameter at epoch 45
2023-11-25 13:48:28,622 - __main__ - INFO - Epoch 46: loss=1.55369 ,acc=0.58247
2023-11-25 13:48:44,694 - __main__ - INFO - Valid loss=2.32334 ,acc=0.52180
2023-11-25 13:48:47,920 - __main__ - INFO - save model parameter at epoch 46
2023-11-25 13:54:24,605 - __main__ - INFO - Epoch 47: loss=1.55083 ,acc=0.58474
2023-11-25 13:54:40,981 - __main__ - INFO - Valid loss=2.89381 ,acc=0.52400
2023-11-25 13:54:44,421 - __main__ - INFO - save model parameter at epoch 47
2023-11-25 14:00:20,199 - __main__ - INFO - Epoch 48: loss=1.52488 ,acc=0.59187
2023-11-25 14:00:36,144 - __main__ - INFO - Valid loss=2.98014 ,acc=0.52240
2023-11-25 14:06:13,026 - __main__ - INFO - Epoch 49: loss=1.51119 ,acc=0.59149
2023-11-25 14:06:30,386 - __main__ - INFO - Valid loss=2.38773 ,acc=0.52160
2023-11-25 14:12:09,897 - __main__ - INFO - Epoch 50: loss=1.48974 ,acc=0.59567
2023-11-25 14:12:26,067 - __main__ - INFO - Valid loss=2.58096 ,acc=0.52900
2023-11-25 14:12:29,307 - __main__ - INFO - save model parameter at epoch 50
2023-11-25 14:18:05,501 - __main__ - INFO - Epoch 51: loss=1.46810 ,acc=0.60238
2023-11-25 14:18:21,795 - __main__ - INFO - Valid loss=2.12659 ,acc=0.51720
2023-11-25 14:23:58,465 - __main__ - INFO - Epoch 52: loss=1.46122 ,acc=0.60667
2023-11-25 14:24:14,539 - __main__ - INFO - Valid loss=1.97310 ,acc=0.53580
2023-11-25 14:24:18,159 - __main__ - INFO - save model parameter at epoch 52
2023-11-25 14:29:55,867 - __main__ - INFO - Epoch 53: loss=1.43893 ,acc=0.61000
2023-11-25 14:30:12,101 - __main__ - INFO - Valid loss=3.92280 ,acc=0.51500
2023-11-25 14:35:48,245 - __main__ - INFO - Epoch 54: loss=1.42910 ,acc=0.61338
2023-11-25 14:36:04,213 - __main__ - INFO - Valid loss=2.42959 ,acc=0.53740
2023-11-25 14:36:07,424 - __main__ - INFO - save model parameter at epoch 54
2023-11-25 14:41:43,626 - __main__ - INFO - Epoch 55: loss=1.40179 ,acc=0.61809
2023-11-25 14:41:59,604 - __main__ - INFO - Valid loss=2.49240 ,acc=0.52740
2023-11-25 14:47:34,738 - __main__ - INFO - Epoch 56: loss=1.40481 ,acc=0.62009
2023-11-25 14:47:50,709 - __main__ - INFO - Valid loss=3.34467 ,acc=0.53280
2023-11-25 14:53:24,875 - __main__ - INFO - Epoch 57: loss=1.38553 ,acc=0.62560
2023-11-25 14:53:40,360 - __main__ - INFO - Valid loss=2.84533 ,acc=0.53340
2023-11-25 14:59:13,264 - __main__ - INFO - Epoch 58: loss=1.37881 ,acc=0.62664
2023-11-25 14:59:29,426 - __main__ - INFO - Valid loss=3.55207 ,acc=0.54060
2023-11-25 14:59:32,615 - __main__ - INFO - save model parameter at epoch 58
2023-11-25 15:05:05,496 - __main__ - INFO - Epoch 59: loss=1.35925 ,acc=0.62975
2023-11-25 15:05:21,249 - __main__ - INFO - Valid loss=3.13996 ,acc=0.54060
2023-11-25 15:10:53,650 - __main__ - INFO - Epoch 60: loss=1.34565 ,acc=0.63418
2023-11-25 15:11:09,729 - __main__ - INFO - Valid loss=2.88708 ,acc=0.54500
2023-11-25 15:11:12,916 - __main__ - INFO - save model parameter at epoch 60
2023-11-25 15:16:46,392 - __main__ - INFO - Epoch 61: loss=1.33790 ,acc=0.63624
2023-11-25 15:17:01,896 - __main__ - INFO - Valid loss=2.90535 ,acc=0.52880
2023-11-25 15:22:34,154 - __main__ - INFO - Epoch 62: loss=1.32225 ,acc=0.64193
2023-11-25 15:22:49,734 - __main__ - INFO - Valid loss=2.18956 ,acc=0.54260
2023-11-25 15:28:22,233 - __main__ - INFO - Epoch 63: loss=1.29486 ,acc=0.64682
2023-11-25 15:28:37,991 - __main__ - INFO - Valid loss=2.07823 ,acc=0.54780
2023-11-25 15:28:41,254 - __main__ - INFO - save model parameter at epoch 63
2023-11-25 15:34:13,421 - __main__ - INFO - Epoch 64: loss=1.29082 ,acc=0.64844
2023-11-25 15:34:28,970 - __main__ - INFO - Valid loss=2.39627 ,acc=0.54500
2023-11-25 15:40:04,504 - __main__ - INFO - Epoch 65: loss=1.27848 ,acc=0.65084
2023-11-25 15:40:20,621 - __main__ - INFO - Valid loss=2.44060 ,acc=0.55140
2023-11-25 15:40:23,842 - __main__ - INFO - save model parameter at epoch 65
2023-11-25 15:45:59,074 - __main__ - INFO - Epoch 66: loss=1.25026 ,acc=0.65639
2023-11-25 15:46:14,807 - __main__ - INFO - Valid loss=2.62446 ,acc=0.55600
2023-11-25 15:46:18,069 - __main__ - INFO - save model parameter at epoch 66
2023-11-25 15:51:52,169 - __main__ - INFO - Epoch 67: loss=1.24913 ,acc=0.65713
2023-11-25 15:52:07,889 - __main__ - INFO - Valid loss=3.06270 ,acc=0.54100
2023-11-25 15:57:41,742 - __main__ - INFO - Epoch 68: loss=1.22305 ,acc=0.66466
2023-11-25 15:57:57,389 - __main__ - INFO - Valid loss=2.93506 ,acc=0.54540
2023-11-25 16:03:29,770 - __main__ - INFO - Epoch 69: loss=1.22199 ,acc=0.66593
2023-11-25 16:03:45,430 - __main__ - INFO - Valid loss=2.93376 ,acc=0.54680
2023-11-25 16:09:18,903 - __main__ - INFO - Epoch 70: loss=1.21537 ,acc=0.66777
2023-11-25 16:09:34,531 - __main__ - INFO - Valid loss=3.13512 ,acc=0.56000
2023-11-25 16:09:37,945 - __main__ - INFO - save model parameter at epoch 70
2023-11-25 16:15:10,955 - __main__ - INFO - Epoch 71: loss=1.19063 ,acc=0.67375
2023-11-25 16:15:26,588 - __main__ - INFO - Valid loss=3.40528 ,acc=0.55060
2023-11-25 16:20:59,487 - __main__ - INFO - Epoch 72: loss=1.18037 ,acc=0.67608
2023-11-25 16:21:15,083 - __main__ - INFO - Valid loss=2.21077 ,acc=0.55860
2023-11-25 16:26:47,127 - __main__ - INFO - Epoch 73: loss=1.16433 ,acc=0.68155
2023-11-25 16:27:02,754 - __main__ - INFO - Valid loss=2.64306 ,acc=0.55780
2023-11-25 16:32:35,471 - __main__ - INFO - Epoch 74: loss=1.15659 ,acc=0.68283
2023-11-25 16:32:51,208 - __main__ - INFO - Valid loss=3.22826 ,acc=0.55420
2023-11-25 16:38:24,069 - __main__ - INFO - Epoch 75: loss=1.13796 ,acc=0.68946
2023-11-25 16:38:40,285 - __main__ - INFO - Valid loss=2.85255 ,acc=0.56300
2023-11-25 16:38:43,468 - __main__ - INFO - save model parameter at epoch 75
2023-11-25 16:44:15,903 - __main__ - INFO - Epoch 76: loss=1.13080 ,acc=0.68754
2023-11-25 16:44:31,518 - __main__ - INFO - Valid loss=2.68701 ,acc=0.55420
2023-11-25 16:50:04,761 - __main__ - INFO - Epoch 77: loss=1.12446 ,acc=0.69105
2023-11-25 16:50:20,453 - __main__ - INFO - Valid loss=2.82108 ,acc=0.56020
2023-11-25 16:55:52,654 - __main__ - INFO - Epoch 78: loss=1.11131 ,acc=0.69272
2023-11-25 16:56:08,625 - __main__ - INFO - Valid loss=2.63716 ,acc=0.57240
2023-11-25 16:56:11,936 - __main__ - INFO - save model parameter at epoch 78
2023-11-25 17:01:46,616 - __main__ - INFO - Epoch 79: loss=1.09746 ,acc=0.69750
2023-11-25 17:02:03,100 - __main__ - INFO - Valid loss=2.88145 ,acc=0.56600
2023-11-25 17:07:40,877 - __main__ - INFO - Epoch 80: loss=1.09773 ,acc=0.69814
2023-11-25 17:07:57,341 - __main__ - INFO - Valid loss=2.22776 ,acc=0.57340
2023-11-25 17:08:00,516 - __main__ - INFO - save model parameter at epoch 80
2023-11-25 17:13:41,964 - __main__ - INFO - Epoch 81: loss=1.07704 ,acc=0.70310
2023-11-25 17:13:58,688 - __main__ - INFO - Valid loss=2.70643 ,acc=0.57760
2023-11-25 17:14:01,939 - __main__ - INFO - save model parameter at epoch 81
2023-11-25 17:19:40,984 - __main__ - INFO - Epoch 82: loss=1.07914 ,acc=0.70327
2023-11-25 17:19:57,319 - __main__ - INFO - Valid loss=2.30281 ,acc=0.57180
2023-11-25 17:25:35,025 - __main__ - INFO - Epoch 83: loss=1.07282 ,acc=0.70305
2023-11-25 17:25:51,413 - __main__ - INFO - Valid loss=2.86570 ,acc=0.55700
2023-11-25 17:31:29,309 - __main__ - INFO - Epoch 84: loss=1.06058 ,acc=0.70712
2023-11-25 17:31:45,398 - __main__ - INFO - Valid loss=2.67276 ,acc=0.57060
2023-11-25 17:37:21,300 - __main__ - INFO - Epoch 85: loss=1.04774 ,acc=0.71023
2023-11-25 17:37:37,941 - __main__ - INFO - Valid loss=3.77869 ,acc=0.56520
2023-11-25 17:43:15,990 - __main__ - INFO - Epoch 86: loss=1.05328 ,acc=0.71212
2023-11-25 17:43:31,736 - __main__ - INFO - Valid loss=2.34263 ,acc=0.58460
2023-11-25 17:43:34,983 - __main__ - INFO - save model parameter at epoch 86
2023-11-25 17:49:14,266 - __main__ - INFO - Epoch 87: loss=1.04867 ,acc=0.71298
2023-11-25 17:49:32,071 - __main__ - INFO - Valid loss=3.99862 ,acc=0.56520
2023-11-25 17:55:11,990 - __main__ - INFO - Epoch 88: loss=1.03936 ,acc=0.71683
2023-11-25 17:55:27,960 - __main__ - INFO - Valid loss=2.89559 ,acc=0.56740
2023-11-25 18:01:03,689 - __main__ - INFO - Epoch 89: loss=1.03559 ,acc=0.71345
2023-11-25 18:01:20,066 - __main__ - INFO - Valid loss=2.93124 ,acc=0.57060
2023-11-25 18:06:55,559 - __main__ - INFO - Epoch 90: loss=1.04407 ,acc=0.71390
2023-11-25 18:07:11,470 - __main__ - INFO - Valid loss=5.08588 ,acc=0.57060
2023-11-25 18:12:46,652 - __main__ - INFO - Epoch 91: loss=1.03037 ,acc=0.71334
2023-11-25 18:13:02,615 - __main__ - INFO - Valid loss=4.40062 ,acc=0.56220
2023-11-25 18:18:37,291 - __main__ - INFO - Epoch 92: loss=1.02462 ,acc=0.71843
2023-11-25 18:18:53,551 - __main__ - INFO - Valid loss=3.72304 ,acc=0.56820
2023-11-25 18:24:30,646 - __main__ - INFO - Epoch 93: loss=1.03578 ,acc=0.71398
2023-11-25 18:24:47,659 - __main__ - INFO - Valid loss=4.14014 ,acc=0.57060
2023-11-25 18:30:27,497 - __main__ - INFO - Epoch 94: loss=1.02387 ,acc=0.71958
2023-11-25 18:30:43,615 - __main__ - INFO - Valid loss=3.88030 ,acc=0.56780
2023-11-25 18:36:24,250 - __main__ - INFO - Epoch 95: loss=1.03027 ,acc=0.71767
2023-11-25 18:36:40,977 - __main__ - INFO - Valid loss=5.74903 ,acc=0.56040
2023-11-25 18:42:19,127 - __main__ - INFO - Epoch 96: loss=1.01961 ,acc=0.71856
2023-11-25 18:42:35,288 - __main__ - INFO - Valid loss=3.23349 ,acc=0.56460
2023-11-25 18:48:10,858 - __main__ - INFO - Epoch 97: loss=1.00906 ,acc=0.72074
2023-11-25 18:48:27,186 - __main__ - INFO - Valid loss=2.63241 ,acc=0.57340
2023-11-25 18:54:04,214 - __main__ - INFO - Epoch 98: loss=1.01242 ,acc=0.72121
2023-11-25 18:54:20,346 - __main__ - INFO - Valid loss=3.41885 ,acc=0.57920
2023-11-25 18:59:55,280 - __main__ - INFO - Epoch 99: loss=1.00436 ,acc=0.72500
2023-11-25 19:00:10,801 - __main__ - INFO - Valid loss=2.56503 ,acc=0.57900
2023-11-25 19:05:43,946 - __main__ - INFO - Epoch 100: loss=0.99653 ,acc=0.72483
2023-11-25 19:05:59,525 - __main__ - INFO - Valid loss=6.27993 ,acc=0.55480
2023-11-25 19:06:26,489 - __main__ - INFO - Test loss=3.50916 ,acc=0.32300
2023-11-25 19:06:26,583 - __main__ - INFO - training model vgg finish
2023-11-25 19:06:26,583 - __main__ - INFO - time cost: 35471.431861400604
